d:\computer graphics\assignments\experiment5\x64\debug\vc142.pdb
d:\computer graphics\assignments\experiment5\x64\debug\vc142.idb
d:\computer graphics\assignments\experiment5\x64\debug\glad.obj
d:\computer graphics\assignments\experiment5\x64\debug\tiny_obj_loader.obj
d:\computer graphics\assignments\experiment5\x64\debug\imgui_widgets.obj
d:\computer graphics\assignments\experiment5\x64\debug\imgui_tables.obj
d:\computer graphics\assignments\experiment5\x64\debug\imgui_impl_opengl3.obj
d:\computer graphics\assignments\experiment5\x64\debug\imgui_impl_glfw.obj
d:\computer graphics\assignments\experiment5\x64\debug\imgui_draw.obj
d:\computer graphics\assignments\experiment5\x64\debug\imgui_demo.obj
d:\computer graphics\assignments\experiment5\x64\debug\imgui.obj
d:\computer graphics\assignments\experiment5\x64\debug\shader.obj
d:\computer graphics\assignments\experiment5\x64\debug\object3d.obj
d:\computer graphics\assignments\experiment5\x64\debug\model.obj
d:\computer graphics\assignments\experiment5\x64\debug\light.obj
d:\computer graphics\assignments\experiment5\x64\debug\camera.obj
d:\computer graphics\assignments\experiment5\x64\debug\application.obj
d:\computer graphics\assignments\experiment5\x64\debug\shading_tutorial.obj
d:\computer graphics\assignments\experiment5\x64\debug\main.obj
d:\computer graphics\assignments\x64\debug\experiment5.exe
d:\computer graphics\assignments\x64\debug\experiment5.ilk
d:\computer graphics\assignments\x64\debug\experiment5.pdb
d:\computer graphics\assignments\experiment5\x64\debug\experiment5.tlog\cl.command.1.tlog
d:\computer graphics\assignments\experiment5\x64\debug\experiment5.tlog\cl.read.1.tlog
d:\computer graphics\assignments\experiment5\x64\debug\experiment5.tlog\cl.write.1.tlog
d:\computer graphics\assignments\experiment5\x64\debug\experiment5.tlog\link.command.1.tlog
d:\computer graphics\assignments\experiment5\x64\debug\experiment5.tlog\link.read.1.tlog
d:\computer graphics\assignments\experiment5\x64\debug\experiment5.tlog\link.write.1.tlog
